<?xml version="1.0" encoding="UTF-8"?>
<!-- Generated by org.testng.reporters.JUnitReportReporter -->
<testsuite skipped="0" hostname="LAPTOP-I8QCDANL" name="com.qa.tests.PostApiTest$PostAPITest" tests="1" failures="0" timestamp="29 Dec 2018 19:26:00 GMT" time="2.925" errors="0">
  <testcase name="postTest" time="2.925" classname="com.qa.tests.PostApiTest$PostAPITest"/>
</testsuite> <!-- com.qa.tests.PostApiTest$PostAPITest -->
