<?xml version="1.0" encoding="UTF-8"?>
<!-- Generated by org.testng.reporters.JUnitReportReporter -->
<testsuite skipped="0" hostname="LAPTOP-I8QCDANL" name="com.qa.tests.GetApiTest" tests="2" failures="0" timestamp="09 Nov 2018 03:42:20 GMT" time="5.828" errors="0">
  <testcase name="getTestWithoutHeaders" time="3.423" classname="com.qa.tests.GetApiTest"/>
  <testcase name="getTestWithHeaders" time="2.405" classname="com.qa.tests.GetApiTest"/>
</testsuite> <!-- com.qa.tests.GetApiTest -->
